  project3_main.cc
c:\users\jeffr\desktop\project3_335_alg\project3_335_alg\project3.hh(111): error C2131: expression did not evaluate to a constant
  c:\users\jeffr\desktop\project3_335_alg\project3_335_alg\project3.hh(111): note: failure was caused by a read of a variable outside its lifetime
  c:\users\jeffr\desktop\project3_335_alg\project3_335_alg\project3.hh(111): note: see usage of 'string1'
c:\users\jeffr\desktop\project3_335_alg\project3_335_alg\project3.hh(128): error C2131: expression did not evaluate to a constant
  c:\users\jeffr\desktop\project3_335_alg\project3_335_alg\project3.hh(111): note: failure was caused by a read of a variable outside its lifetime
  c:\users\jeffr\desktop\project3_335_alg\project3_335_alg\project3.hh(111): note: see usage of 'string1'
c:\users\jeffr\desktop\project3_335_alg\project3_335_alg\project3.hh(112): error C2131: expression did not evaluate to a constant
  c:\users\jeffr\desktop\project3_335_alg\project3_335_alg\project3.hh(112): note: failure was caused by a read of a variable outside its lifetime
  c:\users\jeffr\desktop\project3_335_alg\project3_335_alg\project3.hh(112): note: see usage of 'string2'
c:\users\jeffr\desktop\project3_335_alg\project3_335_alg\project3.hh(132): error C3863: array type 'int [n+][m+]' is not assignable
c:\users\jeffr\desktop\project3_335_alg\project3_335_alg\project3.hh(136): error C3863: array type 'int [n+][m+]' is not assignable
c:\users\jeffr\desktop\project3_335_alg\project3_335_alg\project3.hh(150): error C3863: array type 'int [n+][m+]' is not assignable
c:\users\jeffr\desktop\project3_335_alg\project3_335_alg\project3.hh(162): warning C4244: 'initializing': conversion from 'double' to 'int', possible loss of data
c:\users\jeffr\desktop\project3_335_alg\project3_335_alg\project3.hh(166): warning C4018: '<': signed/unsigned mismatch
c:\users\jeffr\desktop\project3_335_alg\project3_335_alg\project3.hh(197): warning C4018: '>': signed/unsigned mismatch
c:\users\jeffr\desktop\project3_335_alg\project3_335_alg\project3.hh(213): warning C4018: '<': signed/unsigned mismatch
c:\users\jeffr\desktop\project3_335_alg\project3_335_alg\project3.hh(232): warning C4018: '<': signed/unsigned mismatch
project3_main.cc(17): warning C4018: '<': signed/unsigned mismatch
project3_main.cc(27): warning C4018: '<': signed/unsigned mismatch
  project3_test.cc
c:\users\jeffr\desktop\project3_335_alg\project3_335_alg\project3.hh(111): error C2131: expression did not evaluate to a constant
  c:\users\jeffr\desktop\project3_335_alg\project3_335_alg\project3.hh(111): note: failure was caused by a read of a variable outside its lifetime
  c:\users\jeffr\desktop\project3_335_alg\project3_335_alg\project3.hh(111): note: see usage of 'string1'
c:\users\jeffr\desktop\project3_335_alg\project3_335_alg\project3.hh(128): error C2131: expression did not evaluate to a constant
  c:\users\jeffr\desktop\project3_335_alg\project3_335_alg\project3.hh(111): note: failure was caused by a read of a variable outside its lifetime
  c:\users\jeffr\desktop\project3_335_alg\project3_335_alg\project3.hh(111): note: see usage of 'string1'
c:\users\jeffr\desktop\project3_335_alg\project3_335_alg\project3.hh(112): error C2131: expression did not evaluate to a constant
  c:\users\jeffr\desktop\project3_335_alg\project3_335_alg\project3.hh(112): note: failure was caused by a read of a variable outside its lifetime
  c:\users\jeffr\desktop\project3_335_alg\project3_335_alg\project3.hh(112): note: see usage of 'string2'
c:\users\jeffr\desktop\project3_335_alg\project3_335_alg\project3.hh(132): error C3863: array type 'int [n+][m+]' is not assignable
c:\users\jeffr\desktop\project3_335_alg\project3_335_alg\project3.hh(136): error C3863: array type 'int [n+][m+]' is not assignable
c:\users\jeffr\desktop\project3_335_alg\project3_335_alg\project3.hh(150): error C3863: array type 'int [n+][m+]' is not assignable
c:\users\jeffr\desktop\project3_335_alg\project3_335_alg\project3.hh(162): warning C4244: 'initializing': conversion from 'double' to 'int', possible loss of data
c:\users\jeffr\desktop\project3_335_alg\project3_335_alg\project3.hh(166): warning C4018: '<': signed/unsigned mismatch
c:\users\jeffr\desktop\project3_335_alg\project3_335_alg\project3.hh(197): warning C4018: '>': signed/unsigned mismatch
c:\users\jeffr\desktop\project3_335_alg\project3_335_alg\project3.hh(213): warning C4018: '<': signed/unsigned mismatch
c:\users\jeffr\desktop\project3_335_alg\project3_335_alg\project3.hh(232): warning C4018: '<': signed/unsigned mismatch
